[30-Nov-2025 09:13:04 UTC] PHP Warning:  Undefined array key 1 in C:\Users\kaltu\Local Sites\makeupstore\app\public\wp-content\plugins\astra-sites\inc\lib\zipwp-images\classes\zipwp-images-api.php on line 471
[30-Nov-2025 09:13:04 UTC] PHP Warning:  Undefined array key 1 in C:\Users\kaltu\Local Sites\makeupstore\app\public\wp-content\plugins\astra-sites\inc\lib\zipwp-images\classes\zipwp-images-api.php on line 471
[30-Nov-2025 09:13:04 UTC] PHP Warning:  Undefined array key 1 in C:\Users\kaltu\Local Sites\makeupstore\app\public\wp-content\plugins\astra-sites\inc\lib\zipwp-images\classes\zipwp-images-api.php on line 471
[30-Nov-2025 09:13:04 UTC] PHP Warning:  Undefined array key 1 in C:\Users\kaltu\Local Sites\makeupstore\app\public\wp-content\plugins\astra-sites\inc\lib\zipwp-images\classes\zipwp-images-api.php on line 471
[30-Nov-2025 09:13:04 UTC] PHP Warning:  Undefined array key 1 in C:\Users\kaltu\Local Sites\makeupstore\app\public\wp-content\plugins\astra-sites\inc\lib\zipwp-images\classes\zipwp-images-api.php on line 471
[30-Nov-2025 09:13:04 UTC] PHP Warning:  Undefined array key 1 in C:\Users\kaltu\Local Sites\makeupstore\app\public\wp-content\plugins\astra-sites\inc\lib\zipwp-images\classes\zipwp-images-api.php on line 471
[30-Nov-2025 09:13:04 UTC] PHP Warning:  Undefined array key 1 in C:\Users\kaltu\Local Sites\makeupstore\app\public\wp-content\plugins\astra-sites\inc\lib\zipwp-images\classes\zipwp-images-api.php on line 471
[30-Nov-2025 09:13:04 UTC] PHP Warning:  Undefined array key 1 in C:\Users\kaltu\Local Sites\makeupstore\app\public\wp-content\plugins\astra-sites\inc\lib\zipwp-images\classes\zipwp-images-api.php on line 471
[30-Nov-2025 09:13:04 UTC] PHP Warning:  Undefined array key 1 in C:\Users\kaltu\Local Sites\makeupstore\app\public\wp-content\plugins\astra-sites\inc\lib\zipwp-images\classes\zipwp-images-api.php on line 471
[30-Nov-2025 09:13:04 UTC] PHP Warning:  Undefined array key 1 in C:\Users\kaltu\Local Sites\makeupstore\app\public\wp-content\plugins\astra-sites\inc\lib\zipwp-images\classes\zipwp-images-api.php on line 471
[30-Nov-2025 09:13:04 UTC] PHP Warning:  Undefined array key 1 in C:\Users\kaltu\Local Sites\makeupstore\app\public\wp-content\plugins\astra-sites\inc\lib\zipwp-images\classes\zipwp-images-api.php on line 471
[30-Nov-2025 09:13:04 UTC] PHP Warning:  Undefined array key 1 in C:\Users\kaltu\Local Sites\makeupstore\app\public\wp-content\plugins\astra-sites\inc\lib\zipwp-images\classes\zipwp-images-api.php on line 471
[30-Nov-2025 09:13:04 UTC] PHP Warning:  Undefined array key 1 in C:\Users\kaltu\Local Sites\makeupstore\app\public\wp-content\plugins\astra-sites\inc\lib\zipwp-images\classes\zipwp-images-api.php on line 471
[30-Nov-2025 09:13:04 UTC] PHP Warning:  Undefined array key 1 in C:\Users\kaltu\Local Sites\makeupstore\app\public\wp-content\plugins\astra-sites\inc\lib\zipwp-images\classes\zipwp-images-api.php on line 471
[30-Nov-2025 09:13:04 UTC] PHP Warning:  Undefined array key 1 in C:\Users\kaltu\Local Sites\makeupstore\app\public\wp-content\plugins\astra-sites\inc\lib\zipwp-images\classes\zipwp-images-api.php on line 471
[30-Nov-2025 09:13:04 UTC] PHP Warning:  Undefined array key 1 in C:\Users\kaltu\Local Sites\makeupstore\app\public\wp-content\plugins\astra-sites\inc\lib\zipwp-images\classes\zipwp-images-api.php on line 471
[30-Nov-2025 09:13:04 UTC] PHP Warning:  Undefined array key 1 in C:\Users\kaltu\Local Sites\makeupstore\app\public\wp-content\plugins\astra-sites\inc\lib\zipwp-images\classes\zipwp-images-api.php on line 471
[30-Nov-2025 09:13:04 UTC] PHP Warning:  Undefined array key 1 in C:\Users\kaltu\Local Sites\makeupstore\app\public\wp-content\plugins\astra-sites\inc\lib\zipwp-images\classes\zipwp-images-api.php on line 471
[30-Nov-2025 09:13:04 UTC] PHP Warning:  Undefined array key 1 in C:\Users\kaltu\Local Sites\makeupstore\app\public\wp-content\plugins\astra-sites\inc\lib\zipwp-images\classes\zipwp-images-api.php on line 471
[30-Nov-2025 09:13:04 UTC] PHP Warning:  Undefined array key 1 in C:\Users\kaltu\Local Sites\makeupstore\app\public\wp-content\plugins\astra-sites\inc\lib\zipwp-images\classes\zipwp-images-api.php on line 471
[30-Nov-2025 09:13:08 UTC] PHP Warning:  Undefined array key 1 in C:\Users\kaltu\Local Sites\makeupstore\app\public\wp-content\plugins\astra-sites\inc\lib\zipwp-images\classes\zipwp-images-api.php on line 471
[30-Nov-2025 09:13:08 UTC] PHP Warning:  Undefined array key 1 in C:\Users\kaltu\Local Sites\makeupstore\app\public\wp-content\plugins\astra-sites\inc\lib\zipwp-images\classes\zipwp-images-api.php on line 471
[30-Nov-2025 09:13:08 UTC] PHP Warning:  Undefined array key 1 in C:\Users\kaltu\Local Sites\makeupstore\app\public\wp-content\plugins\astra-sites\inc\lib\zipwp-images\classes\zipwp-images-api.php on line 471
[30-Nov-2025 09:13:08 UTC] PHP Warning:  Undefined array key 1 in C:\Users\kaltu\Local Sites\makeupstore\app\public\wp-content\plugins\astra-sites\inc\lib\zipwp-images\classes\zipwp-images-api.php on line 471
[30-Nov-2025 09:13:08 UTC] PHP Warning:  Undefined array key 1 in C:\Users\kaltu\Local Sites\makeupstore\app\public\wp-content\plugins\astra-sites\inc\lib\zipwp-images\classes\zipwp-images-api.php on line 471
[30-Nov-2025 09:13:08 UTC] PHP Warning:  Undefined array key 1 in C:\Users\kaltu\Local Sites\makeupstore\app\public\wp-content\plugins\astra-sites\inc\lib\zipwp-images\classes\zipwp-images-api.php on line 471
[30-Nov-2025 09:13:08 UTC] PHP Warning:  Undefined array key 1 in C:\Users\kaltu\Local Sites\makeupstore\app\public\wp-content\plugins\astra-sites\inc\lib\zipwp-images\classes\zipwp-images-api.php on line 471
[30-Nov-2025 09:13:08 UTC] PHP Warning:  Undefined array key 1 in C:\Users\kaltu\Local Sites\makeupstore\app\public\wp-content\plugins\astra-sites\inc\lib\zipwp-images\classes\zipwp-images-api.php on line 471
[30-Nov-2025 09:13:08 UTC] PHP Warning:  Undefined array key 1 in C:\Users\kaltu\Local Sites\makeupstore\app\public\wp-content\plugins\astra-sites\inc\lib\zipwp-images\classes\zipwp-images-api.php on line 471
[30-Nov-2025 09:13:08 UTC] PHP Warning:  Undefined array key 1 in C:\Users\kaltu\Local Sites\makeupstore\app\public\wp-content\plugins\astra-sites\inc\lib\zipwp-images\classes\zipwp-images-api.php on line 471
[30-Nov-2025 09:13:08 UTC] PHP Warning:  Undefined array key 1 in C:\Users\kaltu\Local Sites\makeupstore\app\public\wp-content\plugins\astra-sites\inc\lib\zipwp-images\classes\zipwp-images-api.php on line 471
[30-Nov-2025 09:13:08 UTC] PHP Warning:  Undefined array key 1 in C:\Users\kaltu\Local Sites\makeupstore\app\public\wp-content\plugins\astra-sites\inc\lib\zipwp-images\classes\zipwp-images-api.php on line 471
[30-Nov-2025 09:13:08 UTC] PHP Warning:  Undefined array key 1 in C:\Users\kaltu\Local Sites\makeupstore\app\public\wp-content\plugins\astra-sites\inc\lib\zipwp-images\classes\zipwp-images-api.php on line 471
[30-Nov-2025 09:13:08 UTC] PHP Warning:  Undefined array key 1 in C:\Users\kaltu\Local Sites\makeupstore\app\public\wp-content\plugins\astra-sites\inc\lib\zipwp-images\classes\zipwp-images-api.php on line 471
[30-Nov-2025 09:13:08 UTC] PHP Warning:  Undefined array key 1 in C:\Users\kaltu\Local Sites\makeupstore\app\public\wp-content\plugins\astra-sites\inc\lib\zipwp-images\classes\zipwp-images-api.php on line 471
[30-Nov-2025 09:13:08 UTC] PHP Warning:  Undefined array key 1 in C:\Users\kaltu\Local Sites\makeupstore\app\public\wp-content\plugins\astra-sites\inc\lib\zipwp-images\classes\zipwp-images-api.php on line 471
[30-Nov-2025 09:13:08 UTC] PHP Warning:  Undefined array key 1 in C:\Users\kaltu\Local Sites\makeupstore\app\public\wp-content\plugins\astra-sites\inc\lib\zipwp-images\classes\zipwp-images-api.php on line 471
[30-Nov-2025 09:13:08 UTC] PHP Warning:  Undefined array key 1 in C:\Users\kaltu\Local Sites\makeupstore\app\public\wp-content\plugins\astra-sites\inc\lib\zipwp-images\classes\zipwp-images-api.php on line 471
[30-Nov-2025 09:13:08 UTC] PHP Warning:  Undefined array key 1 in C:\Users\kaltu\Local Sites\makeupstore\app\public\wp-content\plugins\astra-sites\inc\lib\zipwp-images\classes\zipwp-images-api.php on line 471
[30-Nov-2025 09:13:08 UTC] PHP Warning:  Undefined array key 1 in C:\Users\kaltu\Local Sites\makeupstore\app\public\wp-content\plugins\astra-sites\inc\lib\zipwp-images\classes\zipwp-images-api.php on line 471
[30-Nov-2025 09:13:09 UTC] PHP Warning:  Undefined array key 1 in C:\Users\kaltu\Local Sites\makeupstore\app\public\wp-content\plugins\astra-sites\inc\lib\zipwp-images\classes\zipwp-images-api.php on line 471
[30-Nov-2025 09:13:09 UTC] PHP Warning:  Undefined array key 1 in C:\Users\kaltu\Local Sites\makeupstore\app\public\wp-content\plugins\astra-sites\inc\lib\zipwp-images\classes\zipwp-images-api.php on line 471
[30-Nov-2025 09:13:09 UTC] PHP Warning:  Undefined array key 1 in C:\Users\kaltu\Local Sites\makeupstore\app\public\wp-content\plugins\astra-sites\inc\lib\zipwp-images\classes\zipwp-images-api.php on line 471
[30-Nov-2025 09:13:09 UTC] PHP Warning:  Undefined array key 1 in C:\Users\kaltu\Local Sites\makeupstore\app\public\wp-content\plugins\astra-sites\inc\lib\zipwp-images\classes\zipwp-images-api.php on line 471
[30-Nov-2025 09:13:09 UTC] PHP Warning:  Undefined array key 1 in C:\Users\kaltu\Local Sites\makeupstore\app\public\wp-content\plugins\astra-sites\inc\lib\zipwp-images\classes\zipwp-images-api.php on line 471
[30-Nov-2025 09:13:09 UTC] PHP Warning:  Undefined array key 1 in C:\Users\kaltu\Local Sites\makeupstore\app\public\wp-content\plugins\astra-sites\inc\lib\zipwp-images\classes\zipwp-images-api.php on line 471
[30-Nov-2025 09:13:09 UTC] PHP Warning:  Undefined array key 1 in C:\Users\kaltu\Local Sites\makeupstore\app\public\wp-content\plugins\astra-sites\inc\lib\zipwp-images\classes\zipwp-images-api.php on line 471
[30-Nov-2025 09:13:09 UTC] PHP Warning:  Undefined array key 1 in C:\Users\kaltu\Local Sites\makeupstore\app\public\wp-content\plugins\astra-sites\inc\lib\zipwp-images\classes\zipwp-images-api.php on line 471
[30-Nov-2025 09:13:09 UTC] PHP Warning:  Undefined array key 1 in C:\Users\kaltu\Local Sites\makeupstore\app\public\wp-content\plugins\astra-sites\inc\lib\zipwp-images\classes\zipwp-images-api.php on line 471
[30-Nov-2025 09:13:09 UTC] PHP Warning:  Undefined array key 1 in C:\Users\kaltu\Local Sites\makeupstore\app\public\wp-content\plugins\astra-sites\inc\lib\zipwp-images\classes\zipwp-images-api.php on line 471
[30-Nov-2025 09:13:09 UTC] PHP Warning:  Undefined array key 1 in C:\Users\kaltu\Local Sites\makeupstore\app\public\wp-content\plugins\astra-sites\inc\lib\zipwp-images\classes\zipwp-images-api.php on line 471
[30-Nov-2025 09:13:09 UTC] PHP Warning:  Undefined array key 1 in C:\Users\kaltu\Local Sites\makeupstore\app\public\wp-content\plugins\astra-sites\inc\lib\zipwp-images\classes\zipwp-images-api.php on line 471
[30-Nov-2025 09:13:09 UTC] PHP Warning:  Undefined array key 1 in C:\Users\kaltu\Local Sites\makeupstore\app\public\wp-content\plugins\astra-sites\inc\lib\zipwp-images\classes\zipwp-images-api.php on line 471
[30-Nov-2025 09:13:09 UTC] PHP Warning:  Undefined array key 1 in C:\Users\kaltu\Local Sites\makeupstore\app\public\wp-content\plugins\astra-sites\inc\lib\zipwp-images\classes\zipwp-images-api.php on line 471
[30-Nov-2025 09:13:09 UTC] PHP Warning:  Undefined array key 1 in C:\Users\kaltu\Local Sites\makeupstore\app\public\wp-content\plugins\astra-sites\inc\lib\zipwp-images\classes\zipwp-images-api.php on line 471
[30-Nov-2025 09:13:09 UTC] PHP Warning:  Undefined array key 1 in C:\Users\kaltu\Local Sites\makeupstore\app\public\wp-content\plugins\astra-sites\inc\lib\zipwp-images\classes\zipwp-images-api.php on line 471
[30-Nov-2025 09:13:09 UTC] PHP Warning:  Undefined array key 1 in C:\Users\kaltu\Local Sites\makeupstore\app\public\wp-content\plugins\astra-sites\inc\lib\zipwp-images\classes\zipwp-images-api.php on line 471
[30-Nov-2025 09:13:09 UTC] PHP Warning:  Undefined array key 1 in C:\Users\kaltu\Local Sites\makeupstore\app\public\wp-content\plugins\astra-sites\inc\lib\zipwp-images\classes\zipwp-images-api.php on line 471
[30-Nov-2025 09:13:09 UTC] PHP Warning:  Undefined array key 1 in C:\Users\kaltu\Local Sites\makeupstore\app\public\wp-content\plugins\astra-sites\inc\lib\zipwp-images\classes\zipwp-images-api.php on line 471
[30-Nov-2025 09:13:09 UTC] PHP Warning:  Undefined array key 1 in C:\Users\kaltu\Local Sites\makeupstore\app\public\wp-content\plugins\astra-sites\inc\lib\zipwp-images\classes\zipwp-images-api.php on line 471
[30-Nov-2025 09:13:15 UTC] PHP Warning:  Undefined array key 1 in C:\Users\kaltu\Local Sites\makeupstore\app\public\wp-content\plugins\astra-sites\inc\lib\zipwp-images\classes\zipwp-images-api.php on line 471
[30-Nov-2025 09:13:15 UTC] PHP Warning:  Undefined array key 1 in C:\Users\kaltu\Local Sites\makeupstore\app\public\wp-content\plugins\astra-sites\inc\lib\zipwp-images\classes\zipwp-images-api.php on line 471
[30-Nov-2025 09:13:15 UTC] PHP Warning:  Undefined array key 1 in C:\Users\kaltu\Local Sites\makeupstore\app\public\wp-content\plugins\astra-sites\inc\lib\zipwp-images\classes\zipwp-images-api.php on line 471
[30-Nov-2025 09:13:15 UTC] PHP Warning:  Undefined array key 1 in C:\Users\kaltu\Local Sites\makeupstore\app\public\wp-content\plugins\astra-sites\inc\lib\zipwp-images\classes\zipwp-images-api.php on line 471
[30-Nov-2025 09:13:15 UTC] PHP Warning:  Undefined array key 1 in C:\Users\kaltu\Local Sites\makeupstore\app\public\wp-content\plugins\astra-sites\inc\lib\zipwp-images\classes\zipwp-images-api.php on line 471
[30-Nov-2025 09:13:15 UTC] PHP Warning:  Undefined array key 1 in C:\Users\kaltu\Local Sites\makeupstore\app\public\wp-content\plugins\astra-sites\inc\lib\zipwp-images\classes\zipwp-images-api.php on line 471
[30-Nov-2025 09:13:15 UTC] PHP Warning:  Undefined array key 1 in C:\Users\kaltu\Local Sites\makeupstore\app\public\wp-content\plugins\astra-sites\inc\lib\zipwp-images\classes\zipwp-images-api.php on line 471
[30-Nov-2025 09:13:15 UTC] PHP Warning:  Undefined array key 1 in C:\Users\kaltu\Local Sites\makeupstore\app\public\wp-content\plugins\astra-sites\inc\lib\zipwp-images\classes\zipwp-images-api.php on line 471
[30-Nov-2025 09:13:15 UTC] PHP Warning:  Undefined array key 1 in C:\Users\kaltu\Local Sites\makeupstore\app\public\wp-content\plugins\astra-sites\inc\lib\zipwp-images\classes\zipwp-images-api.php on line 471
[30-Nov-2025 09:13:15 UTC] PHP Warning:  Undefined array key 1 in C:\Users\kaltu\Local Sites\makeupstore\app\public\wp-content\plugins\astra-sites\inc\lib\zipwp-images\classes\zipwp-images-api.php on line 471
[30-Nov-2025 09:13:15 UTC] PHP Warning:  Undefined array key 1 in C:\Users\kaltu\Local Sites\makeupstore\app\public\wp-content\plugins\astra-sites\inc\lib\zipwp-images\classes\zipwp-images-api.php on line 471
[30-Nov-2025 09:13:15 UTC] PHP Warning:  Undefined array key 1 in C:\Users\kaltu\Local Sites\makeupstore\app\public\wp-content\plugins\astra-sites\inc\lib\zipwp-images\classes\zipwp-images-api.php on line 471
[30-Nov-2025 09:13:15 UTC] PHP Warning:  Undefined array key 1 in C:\Users\kaltu\Local Sites\makeupstore\app\public\wp-content\plugins\astra-sites\inc\lib\zipwp-images\classes\zipwp-images-api.php on line 471
[30-Nov-2025 09:13:15 UTC] PHP Warning:  Undefined array key 1 in C:\Users\kaltu\Local Sites\makeupstore\app\public\wp-content\plugins\astra-sites\inc\lib\zipwp-images\classes\zipwp-images-api.php on line 471
[30-Nov-2025 09:13:15 UTC] PHP Warning:  Undefined array key 1 in C:\Users\kaltu\Local Sites\makeupstore\app\public\wp-content\plugins\astra-sites\inc\lib\zipwp-images\classes\zipwp-images-api.php on line 471
[30-Nov-2025 09:13:15 UTC] PHP Warning:  Undefined array key 1 in C:\Users\kaltu\Local Sites\makeupstore\app\public\wp-content\plugins\astra-sites\inc\lib\zipwp-images\classes\zipwp-images-api.php on line 471
[30-Nov-2025 09:13:15 UTC] PHP Warning:  Undefined array key 1 in C:\Users\kaltu\Local Sites\makeupstore\app\public\wp-content\plugins\astra-sites\inc\lib\zipwp-images\classes\zipwp-images-api.php on line 471
[30-Nov-2025 09:13:15 UTC] PHP Warning:  Undefined array key 1 in C:\Users\kaltu\Local Sites\makeupstore\app\public\wp-content\plugins\astra-sites\inc\lib\zipwp-images\classes\zipwp-images-api.php on line 471
[30-Nov-2025 09:13:15 UTC] PHP Warning:  Undefined array key 1 in C:\Users\kaltu\Local Sites\makeupstore\app\public\wp-content\plugins\astra-sites\inc\lib\zipwp-images\classes\zipwp-images-api.php on line 471
[30-Nov-2025 09:13:15 UTC] PHP Warning:  Undefined array key 1 in C:\Users\kaltu\Local Sites\makeupstore\app\public\wp-content\plugins\astra-sites\inc\lib\zipwp-images\classes\zipwp-images-api.php on line 471
[30-Nov-2025 09:13:15 UTC] PHP Warning:  Undefined array key 1 in C:\Users\kaltu\Local Sites\makeupstore\app\public\wp-content\plugins\astra-sites\inc\lib\zipwp-images\classes\zipwp-images-api.php on line 471
[30-Nov-2025 09:13:15 UTC] PHP Warning:  Undefined array key 1 in C:\Users\kaltu\Local Sites\makeupstore\app\public\wp-content\plugins\astra-sites\inc\lib\zipwp-images\classes\zipwp-images-api.php on line 471
[30-Nov-2025 09:13:15 UTC] PHP Warning:  Undefined array key 1 in C:\Users\kaltu\Local Sites\makeupstore\app\public\wp-content\plugins\astra-sites\inc\lib\zipwp-images\classes\zipwp-images-api.php on line 471
[30-Nov-2025 09:13:15 UTC] PHP Warning:  Undefined array key 1 in C:\Users\kaltu\Local Sites\makeupstore\app\public\wp-content\plugins\astra-sites\inc\lib\zipwp-images\classes\zipwp-images-api.php on line 471
[30-Nov-2025 09:13:15 UTC] PHP Warning:  Undefined array key 1 in C:\Users\kaltu\Local Sites\makeupstore\app\public\wp-content\plugins\astra-sites\inc\lib\zipwp-images\classes\zipwp-images-api.php on line 471
[30-Nov-2025 09:13:15 UTC] PHP Warning:  Undefined array key 1 in C:\Users\kaltu\Local Sites\makeupstore\app\public\wp-content\plugins\astra-sites\inc\lib\zipwp-images\classes\zipwp-images-api.php on line 471
[30-Nov-2025 09:13:15 UTC] PHP Warning:  Undefined array key 1 in C:\Users\kaltu\Local Sites\makeupstore\app\public\wp-content\plugins\astra-sites\inc\lib\zipwp-images\classes\zipwp-images-api.php on line 471
[30-Nov-2025 09:13:15 UTC] PHP Warning:  Undefined array key 1 in C:\Users\kaltu\Local Sites\makeupstore\app\public\wp-content\plugins\astra-sites\inc\lib\zipwp-images\classes\zipwp-images-api.php on line 471
[30-Nov-2025 09:13:15 UTC] PHP Warning:  Undefined array key 1 in C:\Users\kaltu\Local Sites\makeupstore\app\public\wp-content\plugins\astra-sites\inc\lib\zipwp-images\classes\zipwp-images-api.php on line 471
[30-Nov-2025 09:13:15 UTC] PHP Warning:  Undefined array key 1 in C:\Users\kaltu\Local Sites\makeupstore\app\public\wp-content\plugins\astra-sites\inc\lib\zipwp-images\classes\zipwp-images-api.php on line 471
[30-Nov-2025 09:13:15 UTC] PHP Warning:  Undefined array key 1 in C:\Users\kaltu\Local Sites\makeupstore\app\public\wp-content\plugins\astra-sites\inc\lib\zipwp-images\classes\zipwp-images-api.php on line 471
[30-Nov-2025 09:13:15 UTC] PHP Warning:  Undefined array key 1 in C:\Users\kaltu\Local Sites\makeupstore\app\public\wp-content\plugins\astra-sites\inc\lib\zipwp-images\classes\zipwp-images-api.php on line 471
[30-Nov-2025 09:13:15 UTC] PHP Warning:  Undefined array key 1 in C:\Users\kaltu\Local Sites\makeupstore\app\public\wp-content\plugins\astra-sites\inc\lib\zipwp-images\classes\zipwp-images-api.php on line 471
[30-Nov-2025 09:13:15 UTC] PHP Warning:  Undefined array key 1 in C:\Users\kaltu\Local Sites\makeupstore\app\public\wp-content\plugins\astra-sites\inc\lib\zipwp-images\classes\zipwp-images-api.php on line 471
[30-Nov-2025 09:13:15 UTC] PHP Warning:  Undefined array key 1 in C:\Users\kaltu\Local Sites\makeupstore\app\public\wp-content\plugins\astra-sites\inc\lib\zipwp-images\classes\zipwp-images-api.php on line 471
[30-Nov-2025 09:13:15 UTC] PHP Warning:  Undefined array key 1 in C:\Users\kaltu\Local Sites\makeupstore\app\public\wp-content\plugins\astra-sites\inc\lib\zipwp-images\classes\zipwp-images-api.php on line 471
[30-Nov-2025 09:13:15 UTC] PHP Warning:  Undefined array key 1 in C:\Users\kaltu\Local Sites\makeupstore\app\public\wp-content\plugins\astra-sites\inc\lib\zipwp-images\classes\zipwp-images-api.php on line 471
[30-Nov-2025 09:13:15 UTC] PHP Warning:  Undefined array key 1 in C:\Users\kaltu\Local Sites\makeupstore\app\public\wp-content\plugins\astra-sites\inc\lib\zipwp-images\classes\zipwp-images-api.php on line 471
[30-Nov-2025 09:13:15 UTC] PHP Warning:  Undefined array key 1 in C:\Users\kaltu\Local Sites\makeupstore\app\public\wp-content\plugins\astra-sites\inc\lib\zipwp-images\classes\zipwp-images-api.php on line 471
[30-Nov-2025 09:13:15 UTC] PHP Warning:  Undefined array key 1 in C:\Users\kaltu\Local Sites\makeupstore\app\public\wp-content\plugins\astra-sites\inc\lib\zipwp-images\classes\zipwp-images-api.php on line 471
[30-Nov-2025 09:13:16 UTC] PHP Warning:  Undefined array key 1 in C:\Users\kaltu\Local Sites\makeupstore\app\public\wp-content\plugins\astra-sites\inc\lib\zipwp-images\classes\zipwp-images-api.php on line 471
[30-Nov-2025 09:13:16 UTC] PHP Warning:  Undefined array key 1 in C:\Users\kaltu\Local Sites\makeupstore\app\public\wp-content\plugins\astra-sites\inc\lib\zipwp-images\classes\zipwp-images-api.php on line 471
[30-Nov-2025 09:13:16 UTC] PHP Warning:  Undefined array key 1 in C:\Users\kaltu\Local Sites\makeupstore\app\public\wp-content\plugins\astra-sites\inc\lib\zipwp-images\classes\zipwp-images-api.php on line 471
[30-Nov-2025 09:13:16 UTC] PHP Warning:  Undefined array key 1 in C:\Users\kaltu\Local Sites\makeupstore\app\public\wp-content\plugins\astra-sites\inc\lib\zipwp-images\classes\zipwp-images-api.php on line 471
[30-Nov-2025 09:13:16 UTC] PHP Warning:  Undefined array key 1 in C:\Users\kaltu\Local Sites\makeupstore\app\public\wp-content\plugins\astra-sites\inc\lib\zipwp-images\classes\zipwp-images-api.php on line 471
[30-Nov-2025 09:13:16 UTC] PHP Warning:  Undefined array key 1 in C:\Users\kaltu\Local Sites\makeupstore\app\public\wp-content\plugins\astra-sites\inc\lib\zipwp-images\classes\zipwp-images-api.php on line 471
[30-Nov-2025 09:13:16 UTC] PHP Warning:  Undefined array key 1 in C:\Users\kaltu\Local Sites\makeupstore\app\public\wp-content\plugins\astra-sites\inc\lib\zipwp-images\classes\zipwp-images-api.php on line 471
[30-Nov-2025 09:13:16 UTC] PHP Warning:  Undefined array key 1 in C:\Users\kaltu\Local Sites\makeupstore\app\public\wp-content\plugins\astra-sites\inc\lib\zipwp-images\classes\zipwp-images-api.php on line 471
[30-Nov-2025 09:13:16 UTC] PHP Warning:  Undefined array key 1 in C:\Users\kaltu\Local Sites\makeupstore\app\public\wp-content\plugins\astra-sites\inc\lib\zipwp-images\classes\zipwp-images-api.php on line 471
[30-Nov-2025 09:13:16 UTC] PHP Warning:  Undefined array key 1 in C:\Users\kaltu\Local Sites\makeupstore\app\public\wp-content\plugins\astra-sites\inc\lib\zipwp-images\classes\zipwp-images-api.php on line 471
[30-Nov-2025 09:13:16 UTC] PHP Warning:  Undefined array key 1 in C:\Users\kaltu\Local Sites\makeupstore\app\public\wp-content\plugins\astra-sites\inc\lib\zipwp-images\classes\zipwp-images-api.php on line 471
[30-Nov-2025 09:13:16 UTC] PHP Warning:  Undefined array key 1 in C:\Users\kaltu\Local Sites\makeupstore\app\public\wp-content\plugins\astra-sites\inc\lib\zipwp-images\classes\zipwp-images-api.php on line 471
[30-Nov-2025 09:13:16 UTC] PHP Warning:  Undefined array key 1 in C:\Users\kaltu\Local Sites\makeupstore\app\public\wp-content\plugins\astra-sites\inc\lib\zipwp-images\classes\zipwp-images-api.php on line 471
[30-Nov-2025 09:13:16 UTC] PHP Warning:  Undefined array key 1 in C:\Users\kaltu\Local Sites\makeupstore\app\public\wp-content\plugins\astra-sites\inc\lib\zipwp-images\classes\zipwp-images-api.php on line 471
[30-Nov-2025 09:13:16 UTC] PHP Warning:  Undefined array key 1 in C:\Users\kaltu\Local Sites\makeupstore\app\public\wp-content\plugins\astra-sites\inc\lib\zipwp-images\classes\zipwp-images-api.php on line 471
[30-Nov-2025 09:13:16 UTC] PHP Warning:  Undefined array key 1 in C:\Users\kaltu\Local Sites\makeupstore\app\public\wp-content\plugins\astra-sites\inc\lib\zipwp-images\classes\zipwp-images-api.php on line 471
[30-Nov-2025 09:13:16 UTC] PHP Warning:  Undefined array key 1 in C:\Users\kaltu\Local Sites\makeupstore\app\public\wp-content\plugins\astra-sites\inc\lib\zipwp-images\classes\zipwp-images-api.php on line 471
[30-Nov-2025 09:13:16 UTC] PHP Warning:  Undefined array key 1 in C:\Users\kaltu\Local Sites\makeupstore\app\public\wp-content\plugins\astra-sites\inc\lib\zipwp-images\classes\zipwp-images-api.php on line 471
[30-Nov-2025 09:13:16 UTC] PHP Warning:  Undefined array key 1 in C:\Users\kaltu\Local Sites\makeupstore\app\public\wp-content\plugins\astra-sites\inc\lib\zipwp-images\classes\zipwp-images-api.php on line 471
[30-Nov-2025 09:13:16 UTC] PHP Warning:  Undefined array key 1 in C:\Users\kaltu\Local Sites\makeupstore\app\public\wp-content\plugins\astra-sites\inc\lib\zipwp-images\classes\zipwp-images-api.php on line 471
[30-Nov-2025 09:13:20 UTC] PHP Warning:  Undefined array key 1 in C:\Users\kaltu\Local Sites\makeupstore\app\public\wp-content\plugins\astra-sites\inc\lib\zipwp-images\classes\zipwp-images-api.php on line 471
[30-Nov-2025 09:13:20 UTC] PHP Warning:  Undefined array key 1 in C:\Users\kaltu\Local Sites\makeupstore\app\public\wp-content\plugins\astra-sites\inc\lib\zipwp-images\classes\zipwp-images-api.php on line 471
[30-Nov-2025 09:13:20 UTC] PHP Warning:  Undefined array key 1 in C:\Users\kaltu\Local Sites\makeupstore\app\public\wp-content\plugins\astra-sites\inc\lib\zipwp-images\classes\zipwp-images-api.php on line 471
[30-Nov-2025 09:13:20 UTC] PHP Warning:  Undefined array key 1 in C:\Users\kaltu\Local Sites\makeupstore\app\public\wp-content\plugins\astra-sites\inc\lib\zipwp-images\classes\zipwp-images-api.php on line 471
[30-Nov-2025 09:13:20 UTC] PHP Warning:  Undefined array key 1 in C:\Users\kaltu\Local Sites\makeupstore\app\public\wp-content\plugins\astra-sites\inc\lib\zipwp-images\classes\zipwp-images-api.php on line 471
[30-Nov-2025 09:13:20 UTC] PHP Warning:  Undefined array key 1 in C:\Users\kaltu\Local Sites\makeupstore\app\public\wp-content\plugins\astra-sites\inc\lib\zipwp-images\classes\zipwp-images-api.php on line 471
[30-Nov-2025 09:13:20 UTC] PHP Warning:  Undefined array key 1 in C:\Users\kaltu\Local Sites\makeupstore\app\public\wp-content\plugins\astra-sites\inc\lib\zipwp-images\classes\zipwp-images-api.php on line 471
[30-Nov-2025 09:13:20 UTC] PHP Warning:  Undefined array key 1 in C:\Users\kaltu\Local Sites\makeupstore\app\public\wp-content\plugins\astra-sites\inc\lib\zipwp-images\classes\zipwp-images-api.php on line 471
[30-Nov-2025 09:13:20 UTC] PHP Warning:  Undefined array key 1 in C:\Users\kaltu\Local Sites\makeupstore\app\public\wp-content\plugins\astra-sites\inc\lib\zipwp-images\classes\zipwp-images-api.php on line 471
[30-Nov-2025 09:13:20 UTC] PHP Warning:  Undefined array key 1 in C:\Users\kaltu\Local Sites\makeupstore\app\public\wp-content\plugins\astra-sites\inc\lib\zipwp-images\classes\zipwp-images-api.php on line 471
[30-Nov-2025 09:13:20 UTC] PHP Warning:  Undefined array key 1 in C:\Users\kaltu\Local Sites\makeupstore\app\public\wp-content\plugins\astra-sites\inc\lib\zipwp-images\classes\zipwp-images-api.php on line 471
[30-Nov-2025 09:13:20 UTC] PHP Warning:  Undefined array key 1 in C:\Users\kaltu\Local Sites\makeupstore\app\public\wp-content\plugins\astra-sites\inc\lib\zipwp-images\classes\zipwp-images-api.php on line 471
[30-Nov-2025 09:13:20 UTC] PHP Warning:  Undefined array key 1 in C:\Users\kaltu\Local Sites\makeupstore\app\public\wp-content\plugins\astra-sites\inc\lib\zipwp-images\classes\zipwp-images-api.php on line 471
[30-Nov-2025 09:13:20 UTC] PHP Warning:  Undefined array key 1 in C:\Users\kaltu\Local Sites\makeupstore\app\public\wp-content\plugins\astra-sites\inc\lib\zipwp-images\classes\zipwp-images-api.php on line 471
[30-Nov-2025 09:13:20 UTC] PHP Warning:  Undefined array key 1 in C:\Users\kaltu\Local Sites\makeupstore\app\public\wp-content\plugins\astra-sites\inc\lib\zipwp-images\classes\zipwp-images-api.php on line 471
[30-Nov-2025 09:13:20 UTC] PHP Warning:  Undefined array key 1 in C:\Users\kaltu\Local Sites\makeupstore\app\public\wp-content\plugins\astra-sites\inc\lib\zipwp-images\classes\zipwp-images-api.php on line 471
[30-Nov-2025 09:13:20 UTC] PHP Warning:  Undefined array key 1 in C:\Users\kaltu\Local Sites\makeupstore\app\public\wp-content\plugins\astra-sites\inc\lib\zipwp-images\classes\zipwp-images-api.php on line 471
[30-Nov-2025 09:13:20 UTC] PHP Warning:  Undefined array key 1 in C:\Users\kaltu\Local Sites\makeupstore\app\public\wp-content\plugins\astra-sites\inc\lib\zipwp-images\classes\zipwp-images-api.php on line 471
[30-Nov-2025 09:13:20 UTC] PHP Warning:  Undefined array key 1 in C:\Users\kaltu\Local Sites\makeupstore\app\public\wp-content\plugins\astra-sites\inc\lib\zipwp-images\classes\zipwp-images-api.php on line 471
[30-Nov-2025 09:13:20 UTC] PHP Warning:  Undefined array key 1 in C:\Users\kaltu\Local Sites\makeupstore\app\public\wp-content\plugins\astra-sites\inc\lib\zipwp-images\classes\zipwp-images-api.php on line 471
[30-Nov-2025 09:20:10 UTC] PHP Warning:  Undefined array key "name" in C:\Users\kaltu\Local Sites\makeupstore\app\public\wp-content\plugins\woocommerce\includes\class-wc-install.php on line 1062
[30-Nov-2025 09:20:10 UTC] PHP Warning:  Undefined array key "title" in C:\Users\kaltu\Local Sites\makeupstore\app\public\wp-content\plugins\woocommerce\includes\class-wc-install.php on line 1064
[30-Nov-2025 09:20:10 UTC] PHP Warning:  Undefined array key "name" in C:\Users\kaltu\Local Sites\makeupstore\app\public\wp-content\plugins\woocommerce\includes\class-wc-install.php on line 1062
[30-Nov-2025 09:20:10 UTC] PHP Warning:  Undefined array key "title" in C:\Users\kaltu\Local Sites\makeupstore\app\public\wp-content\plugins\woocommerce\includes\class-wc-install.php on line 1064
[30-Nov-2025 09:20:18 UTC] WordPress database error Table 'wp_wc_orders' already exists for query 
CREATE TABLE wp_wc_orders (
	id bigint(20) unsigned,
	status varchar(20) null,
	currency varchar(10) null,
	type varchar(20) null,
	tax_amount decimal(26,8) null,
	total_amount decimal(26,8) null,
	customer_id bigint(20) unsigned null,
	billing_email varchar(320) null,
	date_created_gmt datetime null,
	date_updated_gmt datetime null,
	parent_order_id bigint(20) unsigned null,
	payment_method varchar(100) null,
	payment_method_title text null,
	transaction_id varchar(100) null,
	ip_address varchar(100) null,
	user_agent text null,
	customer_note text null,
	PRIMARY KEY (id),
	KEY status (status),
	KEY date_created (date_created_gmt),
	KEY customer_id_billing_email (customer_id, billing_email(171)),
	KEY billing_email (billing_email(191)),
	KEY type_status_date (type, status, date_created_gmt),
	KEY parent_order_id (parent_order_id),
	KEY date_updated (date_updated_gmt)
) DEFAULT CHARACTER SET utf8mb4 COLLATE utf8mb4_unicode_520_ci made by do_action('admin_init'), WP_Hook->do_action, WP_Hook->apply_filters, WC_Install::newly_installed, do_action('woocommerce_newly_installed'), WP_Hook->do_action, WP_Hook->apply_filters, WC_Install::maybe_enable_hpos, Automattic\WooCommerce\Internal\Features\FeaturesController->change_feature_enable, update_option, apply_filters('pre_update_option'), WP_Hook->apply_filters, Automattic\WooCommerce\Internal\DataStores\Orders\CustomOrdersTableController->process_pre_update_option, Automattic\WooCommerce\Internal\DataStores\Orders\DataSynchronizer->create_database_tables, Automattic\WooCommerce\Internal\Utilities\DatabaseUtil->dbdelta, dbDelta
[30-Nov-2025 09:20:18 UTC] WordPress database error Table 'wp_wc_order_addresses' already exists for query 
CREATE TABLE wp_wc_order_addresses (
	id bigint(20) unsigned auto_increment primary key,
	order_id bigint(20) unsigned NOT NULL,
	address_type varchar(20) null,
	first_name text null,
	last_name text null,
	company text null,
	address_1 text null,
	address_2 text null,
	city text null,
	state text null,
	postcode text null,
	country text null,
	email varchar(320) null,
	phone varchar(100) null,
	KEY order_id (order_id),
	UNIQUE KEY address_type_order_id (address_type, order_id),
	KEY email (email(191)),
	KEY phone (phone)
) DEFAULT CHARACTER SET utf8mb4 COLLATE utf8mb4_unicode_520_ci made by do_action('admin_init'), WP_Hook->do_action, WP_Hook->apply_filters, WC_Install::newly_installed, do_action('woocommerce_newly_installed'), WP_Hook->do_action, WP_Hook->apply_filters, WC_Install::maybe_enable_hpos, Automattic\WooCommerce\Internal\Features\FeaturesController->change_feature_enable, update_option, apply_filters('pre_update_option'), WP_Hook->apply_filters, Automattic\WooCommerce\Internal\DataStores\Orders\CustomOrdersTableController->process_pre_update_option, Automattic\WooCommerce\Internal\DataStores\Orders\DataSynchronizer->create_database_tables, Automattic\WooCommerce\Internal\Utilities\DatabaseUtil->dbdelta, dbDelta
[30-Nov-2025 09:20:18 UTC] WordPress database error Table 'wp_wc_order_operational_data' already exists for query 
CREATE TABLE wp_wc_order_operational_data (
	id bigint(20) unsigned auto_increment primary key,
	order_id bigint(20) unsigned NULL,
	created_via varchar(100) NULL,
	woocommerce_version varchar(20) NULL,
	prices_include_tax tinyint(1) NULL,
	coupon_usages_are_counted tinyint(1) NULL,
	download_permission_granted tinyint(1) NULL,
	cart_hash varchar(100) NULL,
	new_order_email_sent tinyint(1) NULL,
	order_key varchar(100) NULL,
	order_stock_reduced tinyint(1) NULL,
	date_paid_gmt datetime NULL,
	date_completed_gmt datetime NULL,
	shipping_tax_amount decimal(26,8) NULL,
	shipping_total_amount decimal(26,8) NULL,
	discount_tax_amount decimal(26,8) NULL,
	discount_total_amount decimal(26,8) NULL,
	recorded_sales tinyint(1) NULL,
	UNIQUE KEY order_id (order_id),
	KEY order_key (order_key)
) DEFAULT CHARACTER SET utf8mb4 COLLATE utf8mb4_unicode_520_ci made by do_action('admin_init'), WP_Hook->do_action, WP_Hook->apply_filters, WC_Install::newly_installed, do_action('woocommerce_newly_installed'), WP_Hook->do_action, WP_Hook->apply_filters, WC_Install::maybe_enable_hpos, Automattic\WooCommerce\Internal\Features\FeaturesController->change_feature_enable, update_option, apply_filters('pre_update_option'), WP_Hook->apply_filters, Automattic\WooCommerce\Internal\DataStores\Orders\CustomOrdersTableController->process_pre_update_option, Automattic\WooCommerce\Internal\DataStores\Orders\DataSynchronizer->create_database_tables, Automattic\WooCommerce\Internal\Utilities\DatabaseUtil->dbdelta, dbDelta
[30-Nov-2025 09:20:18 UTC] WordPress database error Table 'wp_wc_orders_meta' already exists for query 
CREATE TABLE wp_wc_orders_meta (
	id bigint(20) unsigned auto_increment primary key,
	order_id bigint(20) unsigned null,
	meta_key varchar(255),
	meta_value text null,
	KEY meta_key_value (meta_key(100), meta_value(82)),
	KEY order_id_meta_key_meta_value (order_id, meta_key(100), meta_value(82))
) DEFAULT CHARACTER SET utf8mb4 COLLATE utf8mb4_unicode_520_ci made by do_action('admin_init'), WP_Hook->do_action, WP_Hook->apply_filters, WC_Install::newly_installed, do_action('woocommerce_newly_installed'), WP_Hook->do_action, WP_Hook->apply_filters, WC_Install::maybe_enable_hpos, Automattic\WooCommerce\Internal\Features\FeaturesController->change_feature_enable, update_option, apply_filters('pre_update_option'), WP_Hook->apply_filters, Automattic\WooCommerce\Internal\DataStores\Orders\CustomOrdersTableController->process_pre_update_option, Automattic\WooCommerce\Internal\DataStores\Orders\DataSynchronizer->create_database_tables, Automattic\WooCommerce\Internal\Utilities\DatabaseUtil->dbdelta, dbDelta
[30-Nov-2025 10:58:42 UTC] PHP Warning:  Undefined global variable $post in C:\Users\kaltu\Local Sites\makeupstore\app\public\wp-content\plugins\woocommerce\includes\shortcodes\class-wc-shortcode-products.php on line 642
[30-Nov-2025 10:58:50 UTC] PHP Warning:  Undefined global variable $post in C:\Users\kaltu\Local Sites\makeupstore\app\public\wp-content\plugins\woocommerce\includes\shortcodes\class-wc-shortcode-products.php on line 642
[30-Nov-2025 11:22:22 UTC] PHP Warning:  Undefined global variable $post in C:\Users\kaltu\Local Sites\makeupstore\app\public\wp-content\plugins\woocommerce\includes\shortcodes\class-wc-shortcode-products.php on line 642
[30-Nov-2025 23:19:23 UTC] PHP Fatal error:  Uncaught Error: Call to a member function get_gallery_image_ids() on bool in C:\Users\kaltu\Local Sites\makeupstore\app\public\wp-content\plugins\elementor\modules\ai\module.php:351
Stack trace:
#0 C:\Users\kaltu\Local Sites\makeupstore\app\public\wp-includes\class-wp-hook.php(324): Elementor\Modules\Ai\Module->get_product_images_ajax('')
#1 C:\Users\kaltu\Local Sites\makeupstore\app\public\wp-includes\class-wp-hook.php(348): WP_Hook->apply_filters('', Array)
#2 C:\Users\kaltu\Local Sites\makeupstore\app\public\wp-includes\plugin.php(517): WP_Hook->do_action(Array)
#3 C:\Users\kaltu\Local Sites\makeupstore\app\public\wp-admin\admin-ajax.php(192): do_action('wp_ajax_element...')
#4 {main}
  thrown in C:\Users\kaltu\Local Sites\makeupstore\app\public\wp-content\plugins\elementor\modules\ai\module.php on line 351
[30-Nov-2025 23:35:32 UTC] PHP Fatal error:  Uncaught Error: Call to a member function get_gallery_image_ids() on bool in C:\Users\kaltu\Local Sites\makeupstore\app\public\wp-content\plugins\elementor\modules\ai\module.php:351
Stack trace:
#0 C:\Users\kaltu\Local Sites\makeupstore\app\public\wp-includes\class-wp-hook.php(324): Elementor\Modules\Ai\Module->get_product_images_ajax('')
#1 C:\Users\kaltu\Local Sites\makeupstore\app\public\wp-includes\class-wp-hook.php(348): WP_Hook->apply_filters('', Array)
#2 C:\Users\kaltu\Local Sites\makeupstore\app\public\wp-includes\plugin.php(517): WP_Hook->do_action(Array)
#3 C:\Users\kaltu\Local Sites\makeupstore\app\public\wp-admin\admin-ajax.php(192): do_action('wp_ajax_element...')
#4 {main}
  thrown in C:\Users\kaltu\Local Sites\makeupstore\app\public\wp-content\plugins\elementor\modules\ai\module.php on line 351
[30-Nov-2025 23:38:04 UTC] PHP Fatal error:  Uncaught Error: Call to a member function get_gallery_image_ids() on bool in C:\Users\kaltu\Local Sites\makeupstore\app\public\wp-content\plugins\elementor\modules\ai\module.php:351
Stack trace:
#0 C:\Users\kaltu\Local Sites\makeupstore\app\public\wp-includes\class-wp-hook.php(324): Elementor\Modules\Ai\Module->get_product_images_ajax('')
#1 C:\Users\kaltu\Local Sites\makeupstore\app\public\wp-includes\class-wp-hook.php(348): WP_Hook->apply_filters('', Array)
#2 C:\Users\kaltu\Local Sites\makeupstore\app\public\wp-includes\plugin.php(517): WP_Hook->do_action(Array)
#3 C:\Users\kaltu\Local Sites\makeupstore\app\public\wp-admin\admin-ajax.php(192): do_action('wp_ajax_element...')
#4 {main}
  thrown in C:\Users\kaltu\Local Sites\makeupstore\app\public\wp-content\plugins\elementor\modules\ai\module.php on line 351
[30-Nov-2025 23:41:01 UTC] PHP Warning:  Trying to access array offset on value of type bool in C:\Users\kaltu\Local Sites\makeupstore\app\public\wp-content\plugins\woocommerce\vendor\automattic\jetpack-connection\src\class-manager.php on line 2112
[30-Nov-2025 23:42:13 UTC] PHP Fatal error:  Uncaught Error: Call to a member function get_gallery_image_ids() on bool in C:\Users\kaltu\Local Sites\makeupstore\app\public\wp-content\plugins\elementor\modules\ai\module.php:351
Stack trace:
#0 C:\Users\kaltu\Local Sites\makeupstore\app\public\wp-includes\class-wp-hook.php(324): Elementor\Modules\Ai\Module->get_product_images_ajax('')
#1 C:\Users\kaltu\Local Sites\makeupstore\app\public\wp-includes\class-wp-hook.php(348): WP_Hook->apply_filters('', Array)
#2 C:\Users\kaltu\Local Sites\makeupstore\app\public\wp-includes\plugin.php(517): WP_Hook->do_action(Array)
#3 C:\Users\kaltu\Local Sites\makeupstore\app\public\wp-admin\admin-ajax.php(192): do_action('wp_ajax_element...')
#4 {main}
  thrown in C:\Users\kaltu\Local Sites\makeupstore\app\public\wp-content\plugins\elementor\modules\ai\module.php on line 351
[30-Nov-2025 23:43:59 UTC] PHP Fatal error:  Uncaught Error: Call to a member function get_gallery_image_ids() on bool in C:\Users\kaltu\Local Sites\makeupstore\app\public\wp-content\plugins\elementor\modules\ai\module.php:351
Stack trace:
#0 C:\Users\kaltu\Local Sites\makeupstore\app\public\wp-includes\class-wp-hook.php(324): Elementor\Modules\Ai\Module->get_product_images_ajax('')
#1 C:\Users\kaltu\Local Sites\makeupstore\app\public\wp-includes\class-wp-hook.php(348): WP_Hook->apply_filters('', Array)
#2 C:\Users\kaltu\Local Sites\makeupstore\app\public\wp-includes\plugin.php(517): WP_Hook->do_action(Array)
#3 C:\Users\kaltu\Local Sites\makeupstore\app\public\wp-admin\admin-ajax.php(192): do_action('wp_ajax_element...')
#4 {main}
  thrown in C:\Users\kaltu\Local Sites\makeupstore\app\public\wp-content\plugins\elementor\modules\ai\module.php on line 351
[30-Nov-2025 23:45:57 UTC] PHP Fatal error:  Uncaught Error: Call to a member function get_gallery_image_ids() on bool in C:\Users\kaltu\Local Sites\makeupstore\app\public\wp-content\plugins\elementor\modules\ai\module.php:351
Stack trace:
#0 C:\Users\kaltu\Local Sites\makeupstore\app\public\wp-includes\class-wp-hook.php(324): Elementor\Modules\Ai\Module->get_product_images_ajax('')
#1 C:\Users\kaltu\Local Sites\makeupstore\app\public\wp-includes\class-wp-hook.php(348): WP_Hook->apply_filters('', Array)
#2 C:\Users\kaltu\Local Sites\makeupstore\app\public\wp-includes\plugin.php(517): WP_Hook->do_action(Array)
#3 C:\Users\kaltu\Local Sites\makeupstore\app\public\wp-admin\admin-ajax.php(192): do_action('wp_ajax_element...')
#4 {main}
  thrown in C:\Users\kaltu\Local Sites\makeupstore\app\public\wp-content\plugins\elementor\modules\ai\module.php on line 351
[30-Nov-2025 23:55:10 UTC] PHP Fatal error:  Uncaught Error: Call to a member function get_gallery_image_ids() on bool in C:\Users\kaltu\Local Sites\makeupstore\app\public\wp-content\plugins\elementor\modules\ai\module.php:351
Stack trace:
#0 C:\Users\kaltu\Local Sites\makeupstore\app\public\wp-includes\class-wp-hook.php(324): Elementor\Modules\Ai\Module->get_product_images_ajax('')
#1 C:\Users\kaltu\Local Sites\makeupstore\app\public\wp-includes\class-wp-hook.php(348): WP_Hook->apply_filters('', Array)
#2 C:\Users\kaltu\Local Sites\makeupstore\app\public\wp-includes\plugin.php(517): WP_Hook->do_action(Array)
#3 C:\Users\kaltu\Local Sites\makeupstore\app\public\wp-admin\admin-ajax.php(192): do_action('wp_ajax_element...')
#4 {main}
  thrown in C:\Users\kaltu\Local Sites\makeupstore\app\public\wp-content\plugins\elementor\modules\ai\module.php on line 351
[01-Dec-2025 00:00:40 UTC] PHP Fatal error:  Uncaught Error: Call to a member function get_gallery_image_ids() on bool in C:\Users\kaltu\Local Sites\makeupstore\app\public\wp-content\plugins\elementor\modules\ai\module.php:351
Stack trace:
#0 C:\Users\kaltu\Local Sites\makeupstore\app\public\wp-includes\class-wp-hook.php(324): Elementor\Modules\Ai\Module->get_product_images_ajax('')
#1 C:\Users\kaltu\Local Sites\makeupstore\app\public\wp-includes\class-wp-hook.php(348): WP_Hook->apply_filters('', Array)
#2 C:\Users\kaltu\Local Sites\makeupstore\app\public\wp-includes\plugin.php(517): WP_Hook->do_action(Array)
#3 C:\Users\kaltu\Local Sites\makeupstore\app\public\wp-admin\admin-ajax.php(192): do_action('wp_ajax_element...')
#4 {main}
  thrown in C:\Users\kaltu\Local Sites\makeupstore\app\public\wp-content\plugins\elementor\modules\ai\module.php on line 351
[01-Dec-2025 00:06:23 UTC] PHP Fatal error:  Uncaught Error: Call to a member function get_gallery_image_ids() on bool in C:\Users\kaltu\Local Sites\makeupstore\app\public\wp-content\plugins\elementor\modules\ai\module.php:351
Stack trace:
#0 C:\Users\kaltu\Local Sites\makeupstore\app\public\wp-includes\class-wp-hook.php(324): Elementor\Modules\Ai\Module->get_product_images_ajax('')
#1 C:\Users\kaltu\Local Sites\makeupstore\app\public\wp-includes\class-wp-hook.php(348): WP_Hook->apply_filters('', Array)
#2 C:\Users\kaltu\Local Sites\makeupstore\app\public\wp-includes\plugin.php(517): WP_Hook->do_action(Array)
#3 C:\Users\kaltu\Local Sites\makeupstore\app\public\wp-admin\admin-ajax.php(192): do_action('wp_ajax_element...')
#4 {main}
  thrown in C:\Users\kaltu\Local Sites\makeupstore\app\public\wp-content\plugins\elementor\modules\ai\module.php on line 351
[01-Dec-2025 00:06:42 UTC] PHP Warning:  Trying to access array offset on value of type bool in C:\Users\kaltu\Local Sites\makeupstore\app\public\wp-content\plugins\woocommerce\vendor\automattic\jetpack-connection\src\class-manager.php on line 2112
[01-Dec-2025 00:14:09 UTC] PHP Fatal error:  Uncaught Error: Call to a member function get_gallery_image_ids() on bool in C:\Users\kaltu\Local Sites\makeupstore\app\public\wp-content\plugins\elementor\modules\ai\module.php:351
Stack trace:
#0 C:\Users\kaltu\Local Sites\makeupstore\app\public\wp-includes\class-wp-hook.php(324): Elementor\Modules\Ai\Module->get_product_images_ajax('')
#1 C:\Users\kaltu\Local Sites\makeupstore\app\public\wp-includes\class-wp-hook.php(348): WP_Hook->apply_filters('', Array)
#2 C:\Users\kaltu\Local Sites\makeupstore\app\public\wp-includes\plugin.php(517): WP_Hook->do_action(Array)
#3 C:\Users\kaltu\Local Sites\makeupstore\app\public\wp-admin\admin-ajax.php(192): do_action('wp_ajax_element...')
#4 {main}
  thrown in C:\Users\kaltu\Local Sites\makeupstore\app\public\wp-content\plugins\elementor\modules\ai\module.php on line 351
