2025-12-01T01:14:10+00:00 DEBUG #4499 - [New Request] GET /wp-admin/admin.php
2025-12-01T01:14:10+00:00 DEBUG #4499 - GET https://api.woocommerce.com/integrations/ppc/v1/customer/partners/K8SKZ36LQBWXJ/merchant-integrations/
Response: Array
(
    [code] => 404
    [message] => Not Found
)

Response Body: {"statusCode":404,"error":"Not Found","message":"Not Found"}

2025-12-01T01:14:10+00:00 WARNING #4499 - [Error] Not Found CONTEXT: {"args":{"method":"GET","headers":{"Authorization":"Bearer token","Content-Type":"application/json"}},"response":{"headers":{},"body":"{"statusCode":404,"error":"Not Found","message":"Not Found"}","response":{"code":404,"message":"Not Found"},"cookies":[],"filename":null,"http_response":{"data":null,"headers":null,"status":null}}}
2025-12-01T01:14:14+00:00 DEBUG #2295 - [New Request] GET /wp-json/wc/v3/wc_paypal/webhooks
2025-12-01T01:14:14+00:00 DEBUG #2295 - GET https://api.woocommerce.com/integrations/ppc/v1/notifications/webhooks
Response: Array
(
    [code] => 404
    [message] => Not Found
)

Response Body: {"statusCode":404,"error":"Not Found","message":"Not Found"}

2025-12-01T01:16:22+00:00 DEBUG #7781 - [New Request] POST /wp-json/wc/v3/wc_paypal/login_link
2025-12-01T01:16:22+00:00 INFO #7781 - Generating onboarding URL for: production-express_checkout-
2025-12-01T01:16:26+00:00 DEBUG #7781 - POST https://api.woocommerce.com/integrations/ppc/v2/customer/partner-referrals
Request Body: {"partner_config_override":{"return_url":"http:\/\/makeupstore.local\/wp-admin\/admin.php?page=wc-settings&tab=checkout&section=ppcp-gateway&ppcpToken=eyJrIjoicHJvZHVjdGlvbi1leHByZXNzX2NoZWNrb3V0LSIsInUiOjEsImgiOiI3NjllNDJkOGY1NDQzMGExMDVlYmU3ZmUxMTFlMjdhZCJ9","return_url_description":"Return to your shop.","show_add_credit_card":false},"products":["PPCP","ADVANCED_VAULTING"],"capabilities":["PAYPAL_WALLET_VAULTING_ADVANCED"],"legal_consents":[{"type":"SHARE_DATA_CONSENT","granted":true}],"operations":[{"operation":"API_INTEGRATION","api_integration_preference":{"rest_api_integration":{"integration_method":"PAYPAL","integration_type":"FIRST_PARTY","first_party_details":{"features":["PAYMENT","REFUND","ADVANCED_TRANSACTIONS_SEARCH","TRACKING_SHIPMENT_READWRITE","BILLING_AGREEMENT"],"seller_nonce":"a1233wtergfsdt4365tzrshgfbaewa36AGa1233wtergfsdt4365tzrshgfbaewa36AG"}}}}]}
Response Debug ID: f339be50b058e
Response: Array
(
    [code] => 201
    [message] => Created
)


2025-12-01T01:16:29+00:00 DEBUG #7664 - [New Request] POST /wp-json/wc/v3/wc_paypal/login_link
2025-12-01T01:16:29+00:00 DEBUG #1024 - [New Request] POST /wp-json/wc/v3/wc_paypal/login_link
2025-12-01T01:16:29+00:00 DEBUG #7664 - Loaded onboarding URL from cache: production-express_checkout-
2025-12-01T01:16:29+00:00 DEBUG #1024 - Loaded onboarding URL from cache: production-express_checkout-
2025-12-01T01:16:29+00:00 INFO #7664 - Using cached onboarding URL for: production-express_checkout-
2025-12-01T01:16:29+00:00 INFO #1024 - Using cached onboarding URL for: production-express_checkout-
